c:\users\student\source\repos\matrixapp\matrixapp\debug\matrixapp.pch
c:\users\student\source\repos\matrixapp\matrixapp\debug\vc141.pdb
c:\users\student\source\repos\matrixapp\matrixapp\debug\vc141.idb
c:\users\student\source\repos\matrixapp\matrixapp\debug\stdafx.obj
c:\users\student\source\repos\matrixapp\debug\matrixapp.exe
c:\users\student\source\repos\matrixapp\debug\matrixapp.ilk
c:\users\student\source\repos\matrixapp\debug\matrixapp.pdb
c:\users\student\desktop\farelogix\am2\week2\0717_tuesday\matrixapp\matrixapp\debug\stdafx.obj
c:\users\student\desktop\farelogix\am2\week2\0717_tuesday\matrixapp\matrixapp\debug\matrixapp.pch
c:\users\student\desktop\farelogix\am2\week2\0717_tuesday\matrixapp\matrixapp\debug\vc141.idb
c:\users\student\desktop\farelogix\am2\week2\0717_tuesday\matrixapp\matrixapp\debug\vc141.pdb
c:\users\student\desktop\farelogix\am2\week2\0717_tuesday\matrixapp\debug\matrixapp.pdb
c:\users\student\desktop\farelogix\am2\week2\0717_tuesday\matrixapp\debug\matrixapp.exe
c:\users\student\desktop\farelogix\am2\week2\0717_tuesday\matrixapp\debug\matrixapp.ilk
c:\users\student\desktop\farelogix\am2\week2\0717_tuesday\matrixapp\matrixapp\debug\matrixapp.tlog\cl.command.1.tlog
c:\users\student\desktop\farelogix\am2\week2\0717_tuesday\matrixapp\matrixapp\debug\matrixapp.tlog\cl.read.1.tlog
c:\users\student\desktop\farelogix\am2\week2\0717_tuesday\matrixapp\matrixapp\debug\matrixapp.tlog\cl.write.1.tlog
c:\users\student\desktop\farelogix\am2\week2\0717_tuesday\matrixapp\matrixapp\debug\matrixapp.tlog\link.command.1.tlog
c:\users\student\desktop\farelogix\am2\week2\0717_tuesday\matrixapp\matrixapp\debug\matrixapp.tlog\link.read.1.tlog
c:\users\student\desktop\farelogix\am2\week2\0717_tuesday\matrixapp\matrixapp\debug\matrixapp.tlog\link.write.1.tlog
